  verify.c
d:\git\airplay_orig\mycrypt\mycrypt_win32\ed25519\src\fixedint.h(26): warning C4142: 'uint32_t': benign redefinition of type
  d:\git\airplay_orig\mycrypt\mycrypt_win32\crypto\os_port.h(115): note: see declaration of 'uint32_t'
d:\git\airplay_orig\mycrypt\mycrypt_win32\ed25519\src\fixedint.h(37): warning C4142: 'int32_t': benign redefinition of type
  d:\git\airplay_orig\mycrypt\mycrypt_win32\crypto\os_port.h(116): note: see declaration of 'int32_t'
  sign.c
d:\git\airplay_orig\mycrypt\mycrypt_win32\ed25519\src\fixedint.h(26): warning C4142: 'uint32_t': benign redefinition of type
  d:\git\airplay_orig\mycrypt\mycrypt_win32\crypto\os_port.h(115): note: see declaration of 'uint32_t'
d:\git\airplay_orig\mycrypt\mycrypt_win32\ed25519\src\fixedint.h(37): warning C4142: 'int32_t': benign redefinition of type
  d:\git\airplay_orig\mycrypt\mycrypt_win32\crypto\os_port.h(116): note: see declaration of 'int32_t'
  sha512.c
d:\git\airplay_orig\mycrypt\mycrypt_win32\crypto\os_port.h(115): warning C4142: 'uint32_t': benign redefinition of type
  d:\git\airplay_orig\mycrypt\mycrypt_win32\ed25519\src\fixedint.h(26): note: see declaration of 'uint32_t'
d:\git\airplay_orig\mycrypt\mycrypt_win32\crypto\os_port.h(116): warning C4142: 'int32_t': benign redefinition of type
  d:\git\airplay_orig\mycrypt\mycrypt_win32\ed25519\src\fixedint.h(37): note: see declaration of 'int32_t'
  sha1.c
d:\git\airplay_orig\mycrypt\mycrypt_win32\crypto\sha1.c(254): warning C4101: 'ret': unreferenced local variable
  seed.c
  sc.c
  rsapem.c
  rsakey.c
d:\git\airplay_orig\mycrypt\mycrypt_win32\mycrypt\stdint.h(162): warning C4005: 'SIZE_MAX': macro redefinition
  c:\program files (x86)\microsoft visual studio\preview\community\vc\tools\msvc\14.14.26428\include\limits.h(76): note: see previous definition of 'SIZE_MAX'
  rc4.c
  new_aes.c
  md5.c
  keypair.c
d:\git\airplay_orig\mycrypt\mycrypt_win32\ed25519\src\fixedint.h(26): warning C4142: 'uint32_t': benign redefinition of type
  d:\git\airplay_orig\mycrypt\mycrypt_win32\crypto\os_port.h(115): note: see declaration of 'uint32_t'
d:\git\airplay_orig\mycrypt\mycrypt_win32\ed25519\src\fixedint.h(37): warning C4142: 'int32_t': benign redefinition of type
  d:\git\airplay_orig\mycrypt\mycrypt_win32\crypto\os_port.h(116): note: see declaration of 'int32_t'
  key_exchange.c
d:\git\airplay_orig\mycrypt\mycrypt_win32\ed25519\src\fixedint.h(26): warning C4142: 'uint32_t': benign redefinition of type
  d:\git\airplay_orig\mycrypt\mycrypt_win32\crypto\os_port.h(115): note: see declaration of 'uint32_t'
d:\git\airplay_orig\mycrypt\mycrypt_win32\ed25519\src\fixedint.h(37): warning C4142: 'int32_t': benign redefinition of type
  d:\git\airplay_orig\mycrypt\mycrypt_win32\crypto\os_port.h(116): note: see declaration of 'int32_t'
  hmac.c
d:\git\airplay_orig\mycrypt\mycrypt_win32\ed25519\src\fixedint.h(26): warning C4142: 'uint32_t': benign redefinition of type
  d:\git\airplay_orig\mycrypt\mycrypt_win32\crypto\os_port.h(115): note: see declaration of 'uint32_t'
d:\git\airplay_orig\mycrypt\mycrypt_win32\ed25519\src\fixedint.h(37): warning C4142: 'int32_t': benign redefinition of type
  d:\git\airplay_orig\mycrypt\mycrypt_win32\crypto\os_port.h(116): note: see declaration of 'int32_t'
  ge.c
  fe.c
d:\git\airplay_orig\mycrypt\mycrypt_win32\ed25519\src\fe.c(823): warning C4244: '=': conversion from 'int64_t' to 'int32_t', possible loss of data
d:\git\airplay_orig\mycrypt\mycrypt_win32\ed25519\src\fe.c(824): warning C4244: '=': conversion from 'int64_t' to 'int32_t', possible loss of data
d:\git\airplay_orig\mycrypt\mycrypt_win32\ed25519\src\fe.c(825): warning C4244: '=': conversion from 'int64_t' to 'int32_t', possible loss of data
d:\git\airplay_orig\mycrypt\mycrypt_win32\ed25519\src\fe.c(826): warning C4244: '=': conversion from 'int64_t' to 'int32_t', possible loss of data
d:\git\airplay_orig\mycrypt\mycrypt_win32\ed25519\src\fe.c(827): warning C4244: '=': conversion from 'int64_t' to 'int32_t', possible loss of data
d:\git\airplay_orig\mycrypt\mycrypt_win32\ed25519\src\fe.c(828): warning C4244: '=': conversion from 'int64_t' to 'int32_t', possible loss of data
d:\git\airplay_orig\mycrypt\mycrypt_win32\ed25519\src\fe.c(829): warning C4244: '=': conversion from 'int64_t' to 'int32_t', possible loss of data
d:\git\airplay_orig\mycrypt\mycrypt_win32\ed25519\src\fe.c(830): warning C4244: '=': conversion from 'int64_t' to 'int32_t', possible loss of data
d:\git\airplay_orig\mycrypt\mycrypt_win32\ed25519\src\fe.c(831): warning C4244: '=': conversion from 'int64_t' to 'int32_t', possible loss of data
d:\git\airplay_orig\mycrypt\mycrypt_win32\ed25519\src\fe.c(832): warning C4244: '=': conversion from 'int64_t' to 'int32_t', possible loss of data
  curve25519-donna.c
d:\git\airplay_orig\mycrypt\mycrypt_win32\mycrypt\stdint.h(162): warning C4005: 'SIZE_MAX': macro redefinition
  c:\program files (x86)\microsoft visual studio\preview\community\vc\tools\msvc\14.14.26428\include\limits.h(76): note: see previous definition of 'SIZE_MAX'
  bigint.c
  base64.c
d:\git\airplay_orig\mycrypt\mycrypt_win32\crypto\base64.c(75): warning C4996: 'strncpy': This function or variable may be unsafe. Consider using strncpy_s instead. To disable deprecation, use _CRT_SECURE_NO_WARNINGS. See online help for details.
  c:\program files (x86)\windows kits\10\include\10.0.10240.0\ucrt\string.h(340): note: see declaration of 'strncpy'
  aes.c
  Generating Code...
  Compiling...
  add_scalar.c
d:\git\airplay_orig\mycrypt\mycrypt_win32\ed25519\src\fixedint.h(26): warning C4142: 'uint32_t': benign redefinition of type
  d:\git\airplay_orig\mycrypt\mycrypt_win32\crypto\os_port.h(115): note: see declaration of 'uint32_t'
d:\git\airplay_orig\mycrypt\mycrypt_win32\ed25519\src\fixedint.h(37): warning C4142: 'int32_t': benign redefinition of type
  d:\git\airplay_orig\mycrypt\mycrypt_win32\crypto\os_port.h(116): note: see declaration of 'int32_t'
  Generating Code...
add_scalar.obj : warning LNK4075: ignoring '/EDITANDCONTINUE' due to '/SAFESEH' specification
     Creating library D:\git\AirPlay_orig\MyCrypt\mycrypt_win32\Debug\mycrypt.lib and object D:\git\AirPlay_orig\MyCrypt\mycrypt_win32\Debug\mycrypt.exp
  mycrypt.vcxproj -> D:\git\AirPlay_orig\MyCrypt\mycrypt_win32\Debug\mycrypt.dll
