e:\disk\f\works\embedded_phone\mirrorlink\source\apple\airplay\airplay\mycrypt\mycrypt_win32\mycrypt\debug\aes.obj
e:\disk\f\works\embedded_phone\mirrorlink\source\apple\airplay\airplay\mycrypt\mycrypt_win32\mycrypt\debug\base64.obj
e:\disk\f\works\embedded_phone\mirrorlink\source\apple\airplay\airplay\mycrypt\mycrypt_win32\mycrypt\debug\bigint.obj
e:\disk\f\works\embedded_phone\mirrorlink\source\apple\airplay\airplay\mycrypt\mycrypt_win32\mycrypt\debug\curve25519-donna.obj
e:\disk\f\works\embedded_phone\mirrorlink\source\apple\airplay\airplay\mycrypt\mycrypt_win32\mycrypt\debug\fe.obj
e:\disk\f\works\embedded_phone\mirrorlink\source\apple\airplay\airplay\mycrypt\mycrypt_win32\mycrypt\debug\ge.obj
e:\disk\f\works\embedded_phone\mirrorlink\source\apple\airplay\airplay\mycrypt\mycrypt_win32\mycrypt\debug\hmac.obj
e:\disk\f\works\embedded_phone\mirrorlink\source\apple\airplay\airplay\mycrypt\mycrypt_win32\mycrypt\debug\key_exchange.obj
e:\disk\f\works\embedded_phone\mirrorlink\source\apple\airplay\airplay\mycrypt\mycrypt_win32\mycrypt\debug\keypair.obj
e:\disk\f\works\embedded_phone\mirrorlink\source\apple\airplay\airplay\mycrypt\mycrypt_win32\mycrypt\debug\md5.obj
e:\disk\f\works\embedded_phone\mirrorlink\source\apple\airplay\airplay\mycrypt\mycrypt_win32\mycrypt\debug\new_aes.obj
e:\disk\f\works\embedded_phone\mirrorlink\source\apple\airplay\airplay\mycrypt\mycrypt_win32\mycrypt\debug\rc4.obj
e:\disk\f\works\embedded_phone\mirrorlink\source\apple\airplay\airplay\mycrypt\mycrypt_win32\mycrypt\debug\rsakey.obj
e:\disk\f\works\embedded_phone\mirrorlink\source\apple\airplay\airplay\mycrypt\mycrypt_win32\mycrypt\debug\rsapem.obj
e:\disk\f\works\embedded_phone\mirrorlink\source\apple\airplay\airplay\mycrypt\mycrypt_win32\mycrypt\debug\sc.obj
e:\disk\f\works\embedded_phone\mirrorlink\source\apple\airplay\airplay\mycrypt\mycrypt_win32\mycrypt\debug\seed.obj
e:\disk\f\works\embedded_phone\mirrorlink\source\apple\airplay\airplay\mycrypt\mycrypt_win32\mycrypt\debug\sha1.obj
e:\disk\f\works\embedded_phone\mirrorlink\source\apple\airplay\airplay\mycrypt\mycrypt_win32\mycrypt\debug\sha512.obj
e:\disk\f\works\embedded_phone\mirrorlink\source\apple\airplay\airplay\mycrypt\mycrypt_win32\mycrypt\debug\sign.obj
e:\disk\f\works\embedded_phone\mirrorlink\source\apple\airplay\airplay\mycrypt\mycrypt_win32\mycrypt\debug\verify.obj
e:\disk\f\works\embedded_phone\mirrorlink\source\apple\airplay\airplay\mycrypt\mycrypt_win32\mycrypt\debug\add_scalar.obj
e:\disk\f\works\embedded_phone\mirrorlink\source\apple\airplay\airplay\mycrypt\mycrypt_win32\mycrypt\debug\vc100.pdb
e:\disk\f\works\embedded_phone\mirrorlink\source\apple\airplay\airplay\mycrypt\mycrypt_win32\debug\mycrypt.ilk
e:\disk\f\works\embedded_phone\mirrorlink\source\apple\airplay\airplay\mycrypt\mycrypt_win32\debug\mycrypt.dll
e:\disk\f\works\embedded_phone\mirrorlink\source\apple\airplay\airplay\mycrypt\mycrypt_win32\mycrypt\debug\mycrypt.dll.intermediate.manifest
e:\disk\f\works\embedded_phone\mirrorlink\source\apple\airplay\airplay\mycrypt\mycrypt_win32\debug\mycrypt.pdb
e:\disk\f\works\embedded_phone\mirrorlink\source\apple\airplay\airplay\mycrypt\mycrypt_win32\mycrypt\debug\mycrypt.dll.embed.manifest
e:\disk\f\works\embedded_phone\mirrorlink\source\apple\airplay\airplay\mycrypt\mycrypt_win32\debug\mycrypt.lib
e:\disk\f\works\embedded_phone\mirrorlink\source\apple\airplay\airplay\mycrypt\mycrypt_win32\debug\mycrypt.exp
e:\disk\f\works\embedded_phone\mirrorlink\source\apple\airplay\airplay\mycrypt\mycrypt_win32\mycrypt\debug\mycrypt.dll.embed.manifest.res
d:\git\airplay_orig\mycrypt\mycrypt_win32\mycrypt\debug\add_scalar.obj
d:\git\airplay_orig\mycrypt\mycrypt_win32\mycrypt\debug\aes.obj
d:\git\airplay_orig\mycrypt\mycrypt_win32\mycrypt\debug\base64.obj
d:\git\airplay_orig\mycrypt\mycrypt_win32\mycrypt\debug\bigint.obj
d:\git\airplay_orig\mycrypt\mycrypt_win32\mycrypt\debug\curve25519-donna.obj
d:\git\airplay_orig\mycrypt\mycrypt_win32\mycrypt\debug\fe.obj
d:\git\airplay_orig\mycrypt\mycrypt_win32\mycrypt\debug\ge.obj
d:\git\airplay_orig\mycrypt\mycrypt_win32\mycrypt\debug\hmac.obj
d:\git\airplay_orig\mycrypt\mycrypt_win32\mycrypt\debug\keypair.obj
d:\git\airplay_orig\mycrypt\mycrypt_win32\mycrypt\debug\key_exchange.obj
d:\git\airplay_orig\mycrypt\mycrypt_win32\mycrypt\debug\md5.obj
d:\git\airplay_orig\mycrypt\mycrypt_win32\mycrypt\debug\new_aes.obj
d:\git\airplay_orig\mycrypt\mycrypt_win32\mycrypt\debug\rc4.obj
d:\git\airplay_orig\mycrypt\mycrypt_win32\mycrypt\debug\rsakey.obj
d:\git\airplay_orig\mycrypt\mycrypt_win32\mycrypt\debug\rsapem.obj
d:\git\airplay_orig\mycrypt\mycrypt_win32\mycrypt\debug\sc.obj
d:\git\airplay_orig\mycrypt\mycrypt_win32\mycrypt\debug\seed.obj
d:\git\airplay_orig\mycrypt\mycrypt_win32\mycrypt\debug\sha1.obj
d:\git\airplay_orig\mycrypt\mycrypt_win32\mycrypt\debug\sha512.obj
d:\git\airplay_orig\mycrypt\mycrypt_win32\mycrypt\debug\sign.obj
d:\git\airplay_orig\mycrypt\mycrypt_win32\mycrypt\debug\verify.obj
d:\git\airplay_orig\mycrypt\mycrypt_win32\mycrypt\debug\cl.command.1.tlog
d:\git\airplay_orig\mycrypt\mycrypt_win32\mycrypt\debug\cl.read.1.tlog
d:\git\airplay_orig\mycrypt\mycrypt_win32\mycrypt\debug\cl.write.1.tlog
d:\git\airplay_orig\mycrypt\mycrypt_win32\mycrypt\debug\link-cvtres.read.1.tlog
d:\git\airplay_orig\mycrypt\mycrypt_win32\mycrypt\debug\link-cvtres.write.1.tlog
d:\git\airplay_orig\mycrypt\mycrypt_win32\mycrypt\debug\link.7776-cvtres.read.1.tlog
d:\git\airplay_orig\mycrypt\mycrypt_win32\mycrypt\debug\link.7776-cvtres.write.1.tlog
d:\git\airplay_orig\mycrypt\mycrypt_win32\mycrypt\debug\link.7776.read.1.tlog
d:\git\airplay_orig\mycrypt\mycrypt_win32\mycrypt\debug\link.7776.write.1.tlog
d:\git\airplay_orig\mycrypt\mycrypt_win32\mycrypt\debug\link.command.1.tlog
d:\git\airplay_orig\mycrypt\mycrypt_win32\mycrypt\debug\link.read.1.tlog
d:\git\airplay_orig\mycrypt\mycrypt_win32\mycrypt\debug\link.write.1.tlog
d:\git\airplay_orig\mycrypt\mycrypt_win32\mycrypt\debug\mt.command.1.tlog
d:\git\airplay_orig\mycrypt\mycrypt_win32\mycrypt\debug\mt.read.1.tlog
d:\git\airplay_orig\mycrypt\mycrypt_win32\mycrypt\debug\mt.write.1.tlog
d:\git\airplay_orig\mycrypt\mycrypt_win32\mycrypt\debug\mycrypt.write.1.tlog
d:\git\airplay_orig\mycrypt\mycrypt_win32\mycrypt\debug\rc.command.1.tlog
d:\git\airplay_orig\mycrypt\mycrypt_win32\mycrypt\debug\rc.read.1.tlog
d:\git\airplay_orig\mycrypt\mycrypt_win32\mycrypt\debug\rc.write.1.tlog
d:\git\airplay_orig\mycrypt\mycrypt_win32\mycrypt\debug\mycrypt.dll.embed.manifest
d:\git\airplay_orig\mycrypt\mycrypt_win32\mycrypt\debug\mycrypt.dll.intermediate.manifest
d:\git\airplay_orig\mycrypt\mycrypt_win32\mycrypt\debug\mycrypt.dll.embed.manifest.res
d:\git\airplay_orig\mycrypt\mycrypt_win32\mycrypt\debug\vc100.idb
d:\git\airplay_orig\mycrypt\mycrypt_win32\mycrypt\debug\vc100.pdb
d:\git\airplay_orig\mycrypt\mycrypt_win32\mycrypt\debug\mycrypt_manifest.rc
d:\git\airplay_orig\mycrypt\mycrypt_win32\debug\mycrypt.pdb
d:\git\airplay_orig\mycrypt\mycrypt_win32\debug\mycrypt.dll
d:\git\airplay_orig\mycrypt\mycrypt_win32\debug\mycrypt.ilk
